This is pdfTeX, Version 3.141592653-2.6-1.40.24 (MiKTeX 22.7) (preloaded format=pdflatex 2023.1.8)  21 APR 2023 02:57
entering extended mode
 restricted \write18 enabled.
 file:line:error style messages enabled.
 %&-line parsing enabled.
**"c:/Users/rafwi/Documents/GitHub/EE-CNS-CS-148/Solution LaTeX/PS1.tex"
(c:/Users/rafwi/Documents/GitHub/EE-CNS-CS-148/Solution LaTeX/PS1.tex
LaTeX2e <2022-06-01> patch level 5
L3 programming layer <2022-07-04> (C:\Users\rafwi\Desktop\Programs\MikTeX\tex/latex/base\article.cls
Document Class: article 2021/10/04 v1.4n Standard LaTeX document class
(C:\Users\rafwi\Desktop\Programs\MikTeX\tex/latex/base\size10.clo
File: size10.clo 2021/10/04 v1.4n Standard LaTeX file (size option)
)
\c@part=\count185
\c@section=\count186
\c@subsection=\count187
\c@subsubsection=\count188
\c@paragraph=\count189
\c@subparagraph=\count190
\c@figure=\count191
\c@table=\count192
\abovecaptionskip=\skip47
\belowcaptionskip=\skip48
\bibindent=\dimen138
) (C:\Users\rafwi\Desktop\Programs\MikTeX\tex/latex/preprint\fullpage.sty
Package: fullpage 1999/02/23 1.1 (PWD)
\FP@margin=\skip49
) (C:\Users\rafwi\Desktop\Programs\MikTeX\tex/latex/fancyhdr\fancyhdr.sty
Package: fancyhdr 2022/11/09 v4.1 Extensive control of page headers and footers
\f@nch@headwidth=\skip50
\f@nch@O@elh=\skip51
\f@nch@O@erh=\skip52
\f@nch@O@olh=\skip53
\f@nch@O@orh=\skip54
\f@nch@O@elf=\skip55
\f@nch@O@erf=\skip56
\f@nch@O@olf=\skip57
\f@nch@O@orf=\skip58
) (C:\Users\rafwi\Desktop\Programs\MikTeX\tex/latex/graphics\graphicx.sty
Package: graphicx 2021/09/16 v1.2d Enhanced LaTeX Graphics (DPC,SPQR)
 (C:\Users\rafwi\Desktop\Programs\MikTeX\tex/latex/graphics\keyval.sty
Package: keyval 2022/05/29 v1.15 key=value parser (DPC)
\KV@toks@=\toks16
) (C:\Users\rafwi\Desktop\Programs\MikTeX\tex/latex/graphics\graphics.sty
Package: graphics 2022/03/10 v1.4e Standard LaTeX Graphics (DPC,SPQR)
 (C:\Users\rafwi\Desktop\Programs\MikTeX\tex/latex/graphics\trig.sty
Package: trig 2021/08/11 v1.11 sin cos tan (DPC)
) (C:\Users\rafwi\Desktop\Programs\MikTeX\tex/latex/graphics-cfg\graphics.cfg
File: graphics.cfg 2016/06/04 v1.11 sample graphics configuration
)
Package graphics Info: Driver file: pdftex.def on input line 107.
 (C:\Users\rafwi\Desktop\Programs\MikTeX\tex/latex/graphics-def\pdftex.def
File: pdftex.def 2020/10/05 v1.2a Graphics/color driver for pdftex
))
\Gin@req@height=\dimen139
\Gin@req@width=\dimen140
) (C:\Users\rafwi\Desktop\Programs\MikTeX\tex/latex/geometry\geometry.sty
Package: geometry 2020/01/02 v5.9 Page Geometry
 (C:\Users\rafwi\Desktop\Programs\MikTeX\tex/generic/iftex\ifvtex.sty
Package: ifvtex 2019/10/25 v1.7 ifvtex legacy package. Use iftex instead.
 (C:\Users\rafwi\Desktop\Programs\MikTeX\tex/generic/iftex\iftex.sty
Package: iftex 2022/02/03 v1.0f TeX engine tests
))
\Gm@cnth=\count193
\Gm@cntv=\count194
\c@Gm@tempcnt=\count195
\Gm@bindingoffset=\dimen141
\Gm@wd@mp=\dimen142
\Gm@odd@mp=\dimen143
\Gm@even@mp=\dimen144
\Gm@layoutwidth=\dimen145
\Gm@layoutheight=\dimen146
\Gm@layouthoffset=\dimen147
\Gm@layoutvoffset=\dimen148
\Gm@dimlist=\toks17
 (C:\Users\rafwi\Desktop\Programs\MikTeX\tex/latex/geometry\geometry.cfg)) (C:\Users\rafwi\Desktop\Programs\MikTeX\tex/latex/amsmath\amsmath.sty
Package: amsmath 2022/04/08 v2.17n AMS math features
\@mathmargin=\skip59

For additional information on amsmath, use the `?' option.
(C:\Users\rafwi\Desktop\Programs\MikTeX\tex/latex/amsmath\amstext.sty
Package: amstext 2021/08/26 v2.01 AMS text
 (C:\Users\rafwi\Desktop\Programs\MikTeX\tex/latex/amsmath\amsgen.sty
File: amsgen.sty 1999/11/30 v2.0 generic functions
\@emptytoks=\toks18
\ex@=\dimen149
)) (C:\Users\rafwi\Desktop\Programs\MikTeX\tex/latex/amsmath\amsbsy.sty
Package: amsbsy 1999/11/29 v1.2d Bold Symbols
\pmbraise@=\dimen150
) (C:\Users\rafwi\Desktop\Programs\MikTeX\tex/latex/amsmath\amsopn.sty
Package: amsopn 2022/04/08 v2.04 operator names
)
\inf@bad=\count196
LaTeX Info: Redefining \frac on input line 234.
\uproot@=\count197
\leftroot@=\count198
LaTeX Info: Redefining \overline on input line 399.
LaTeX Info: Redefining \colon on input line 410.
\classnum@=\count199
\DOTSCASE@=\count266
LaTeX Info: Redefining \ldots on input line 496.
LaTeX Info: Redefining \dots on input line 499.
LaTeX Info: Redefining \cdots on input line 620.
\Mathstrutbox@=\box51
\strutbox@=\box52
LaTeX Info: Redefining \big on input line 722.
LaTeX Info: Redefining \Big on input line 723.
LaTeX Info: Redefining \bigg on input line 724.
LaTeX Info: Redefining \Bigg on input line 725.
\big@size=\dimen151
LaTeX Font Info:    Redeclaring font encoding OML on input line 743.
LaTeX Font Info:    Redeclaring font encoding OMS on input line 744.
\macc@depth=\count267
LaTeX Info: Redefining \bmod on input line 905.
LaTeX Info: Redefining \pmod on input line 910.
LaTeX Info: Redefining \smash on input line 940.
LaTeX Info: Redefining \relbar on input line 970.
LaTeX Info: Redefining \Relbar on input line 971.
\c@MaxMatrixCols=\count268
\dotsspace@=\muskip16
\c@parentequation=\count269
\dspbrk@lvl=\count270
\tag@help=\toks19
\row@=\count271
\column@=\count272
\maxfields@=\count273
\andhelp@=\toks20
\eqnshift@=\dimen152
\alignsep@=\dimen153
\tagshift@=\dimen154
\tagwidth@=\dimen155
\totwidth@=\dimen156
\lineht@=\dimen157
\@envbody=\toks21
\multlinegap=\skip60
\multlinetaggap=\skip61
\mathdisplay@stack=\toks22
LaTeX Info: Redefining \[ on input line 2953.
LaTeX Info: Redefining \] on input line 2954.
) (C:\Users\rafwi\Desktop\Programs\MikTeX\tex/latex/amsfonts\amssymb.sty
Package: amssymb 2013/01/14 v3.01 AMS font symbols
 (C:\Users\rafwi\Desktop\Programs\MikTeX\tex/latex/amsfonts\amsfonts.sty
Package: amsfonts 2013/01/14 v3.01 Basic AMSFonts support
\symAMSa=\mathgroup4
\symAMSb=\mathgroup5
LaTeX Font Info:    Redeclaring math symbol \hbar on input line 98.
LaTeX Font Info:    Overwriting math alphabet `\mathfrak' in version `bold'
(Font)                  U/euf/m/n --> U/euf/b/n on input line 106.
)) (C:\Users\rafwi\Desktop\Programs\MikTeX\tex/latex/amscls\amsthm.sty
Package: amsthm 2020/05/29 v2.20.6
\thm@style=\toks23
\thm@bodyfont=\toks24
\thm@headfont=\toks25
\thm@notefont=\toks26
\thm@headpunct=\toks27
\thm@preskip=\skip62
\thm@postskip=\skip63
\thm@headsep=\skip64
\dth@everypar=\toks28
) (C:\Users\rafwi\Desktop\Programs\MikTeX\tex/latex/l3backend\l3backend-pdftex.def
File: l3backend-pdftex.def 2022-07-01 L3 backend support: PDF output (pdfTeX)
\l__color_backend_stack_int=\count274
\l__pdf_internal_box=\box53
) (PS1.aux)
\openout1 = `PS1.aux'.

LaTeX Font Info:    Checking defaults for OML/cmm/m/it on input line 30.
LaTeX Font Info:    ... okay on input line 30.
LaTeX Font Info:    Checking defaults for OMS/cmsy/m/n on input line 30.
LaTeX Font Info:    ... okay on input line 30.
LaTeX Font Info:    Checking defaults for OT1/cmr/m/n on input line 30.
LaTeX Font Info:    ... okay on input line 30.
LaTeX Font Info:    Checking defaults for T1/cmr/m/n on input line 30.
LaTeX Font Info:    ... okay on input line 30.
LaTeX Font Info:    Checking defaults for TS1/cmr/m/n on input line 30.
LaTeX Font Info:    ... okay on input line 30.
LaTeX Font Info:    Checking defaults for OMX/cmex/m/n on input line 30.
LaTeX Font Info:    ... okay on input line 30.
LaTeX Font Info:    Checking defaults for U/cmr/m/n on input line 30.
LaTeX Font Info:    ... okay on input line 30.
 (C:\Users\rafwi\Desktop\Programs\MikTeX\tex/context/base/mkii\supp-pdf.mkii
[Loading MPS to PDF converter (version 2006.09.02).]
\scratchcounter=\count275
\scratchdimen=\dimen158
\scratchbox=\box54
\nofMPsegments=\count276
\nofMParguments=\count277
\everyMPshowfont=\toks29
\MPscratchCnt=\count278
\MPscratchDim=\dimen159
\MPnumerator=\count279
\makeMPintoPDFobject=\count280
\everyMPtoPDFconversion=\toks30
) (C:\Users\rafwi\Desktop\Programs\MikTeX\tex/latex/epstopdf-pkg\epstopdf-base.sty
Package: epstopdf-base 2020-01-24 v2.11 Base part for package epstopdf
Package epstopdf-base Info: Redefining graphics rule for `.eps' on input line 485.
 (C:\Users\rafwi\Desktop\Programs\MikTeX\tex/latex/00miktex\epstopdf-sys.cfg
File: epstopdf-sys.cfg 2021/03/18 v2.0 Configuration of epstopdf for MiKTeX
))
*geometry* driver: auto-detecting
*geometry* detected driver: pdftex
*geometry* verbose mode - [ preamble ] result:
* driver: pdftex
* paper: <default>
* layout: <same size as paper>
* layoutoffset:(h,v)=(0.0pt,0.0pt)
* modes: 
* h-part:(L,W,R)=(72.27pt, 469.75499pt, 72.27pt)
* v-part:(T,H,B)=(72.26999pt, 614.295pt, 108.405pt)
* \paperwidth=614.295pt
* \paperheight=794.96999pt
* \textwidth=469.75499pt
* \textheight=614.295pt
* \oddsidemargin=0.00002pt
* \evensidemargin=0.00002pt
* \topmargin=-28.45274pt
* \headheight=0.0pt
* \headsep=28.45274pt
* \topskip=10.0pt
* \footskip=30.0pt
* \marginparwidth=65.0pt
* \marginparsep=11.0pt
* \columnsep=10.0pt
* \skip\footins=9.0pt plus 4.0pt minus 2.0pt
* \hoffset=0.0pt
* \voffset=0.0pt
* \mag=1000
* \@twocolumnfalse
* \@twosidefalse
* \@mparswitchfalse
* \@reversemarginfalse
* (1in=72.27pt=25.4mm, 1cm=28.453pt)


Overfull \hbox (10.13332pt too wide) in paragraph at lines 37--37
 [] 
 []

(PS1.toc
LaTeX Font Info:    Trying to load font information for U+msa on input line 2.
 (C:\Users\rafwi\Desktop\Programs\MikTeX\tex/latex/amsfonts\umsa.fd
File: umsa.fd 2013/01/14 v3.01 AMS symbols A
)
LaTeX Font Info:    Trying to load font information for U+msb on input line 2.
 (C:\Users\rafwi\Desktop\Programs\MikTeX\tex/latex/amsfonts\umsb.fd
File: umsb.fd 2013/01/14 v3.01 AMS symbols B
) [1

{C:/Users/rafwi/AppData/Local/MiKTeX/fonts/map/pdftex/pdftex.map}])
\tf@toc=\write3
\openout3 = `PS1.toc'.



Package fancyhdr Warning: \headheight is too small (0.0pt): 
(fancyhdr)                Make it at least 12.0pt, for example:
(fancyhdr)                \setlength{\headheight}{12.0pt}.
(fancyhdr)                You might also make \topmargin smaller to compensate:
(fancyhdr)                \addtolength{\topmargin}{-12.0pt}.

[2]

Package fancyhdr Warning: \headheight is too small (0.0pt): 
(fancyhdr)                Make it at least 12.0pt, for example:
(fancyhdr)                \setlength{\headheight}{12.0pt}.
(fancyhdr)                You might also make \topmargin smaller to compensate:
(fancyhdr)                \addtolength{\topmargin}{-12.0pt}.

[3]

pdfTeX warning: pdflatex (file ../figs/Q2_a_b_c.pdf): PDF inclusion: found PDF version <1.7>, but at most version <1.5> allowed
<../figs/Q2_a_b_c.pdf, id=16, 614.295pt x 794.97pt>
File: ../figs/Q2_a_b_c.pdf Graphic file (type pdf)
<use ../figs/Q2_a_b_c.pdf>
Package pdftex.def Info: ../figs/Q2_a_b_c.pdf  used on input line 61.
(pdftex.def)             Requested size: 455.24408pt x 589.14197pt.

Overfull \vbox (18.54135pt too high) has occurred while \output is active []



Package fancyhdr Warning: \headheight is too small (0.0pt): 
(fancyhdr)                Make it at least 12.0pt, for example:
(fancyhdr)                \setlength{\headheight}{12.0pt}.
(fancyhdr)                You might also make \topmargin smaller to compensate:
(fancyhdr)                \addtolength{\topmargin}{-12.0pt}.

[4 <../figs/Q2_a_b_c.pdf>]

pdfTeX warning: pdflatex (file ../figs/Q2_d.pdf): PDF inclusion: found PDF version <1.7>, but at most version <1.5> allowed
<../figs/Q2_d.pdf, id=24, 614.295pt x 794.97pt>
File: ../figs/Q2_d.pdf Graphic file (type pdf)
<use ../figs/Q2_d.pdf>
Package pdftex.def Info: ../figs/Q2_d.pdf  used on input line 63.
(pdftex.def)             Requested size: 369.88582pt x 478.68391pt.
<../figs//accuracies_gaussian_3d_mlp.png, id=25, 462.528pt x 346.896pt>
File: ../figs//accuracies_gaussian_3d_mlp.png Graphic file (type png)
<use ../figs//accuracies_gaussian_3d_mlp.png>
Package pdftex.def Info: ../figs//accuracies_gaussian_3d_mlp.png  used on input line 68.
(pdftex.def)             Requested size: 462.52686pt x 346.89514pt.
<../figs//losses_gaussian_3d_mlp.png, id=27, 462.528pt x 346.896pt>
File: ../figs//losses_gaussian_3d_mlp.png Graphic file (type png)
<use ../figs//losses_gaussian_3d_mlp.png>
Package pdftex.def Info: ../figs//losses_gaussian_3d_mlp.png  used on input line 69.
(pdftex.def)             Requested size: 462.52686pt x 346.89514pt.

Package fancyhdr Warning: \headheight is too small (0.0pt): 
(fancyhdr)                Make it at least 12.0pt, for example:
(fancyhdr)                \setlength{\headheight}{12.0pt}.
(fancyhdr)                You might also make \topmargin smaller to compensate:
(fancyhdr)                \addtolength{\topmargin}{-12.0pt}.

[5 <../figs/Q2_d.pdf>]
Overfull \vbox (97.9536pt too high) has occurred while \output is active []



Package fancyhdr Warning: \headheight is too small (0.0pt): 
(fancyhdr)                Make it at least 12.0pt, for example:
(fancyhdr)                \setlength{\headheight}{12.0pt}.
(fancyhdr)                You might also make \topmargin smaller to compensate:
(fancyhdr)                \addtolength{\topmargin}{-12.0pt}.

[6 <../figs//accuracies_gaussian_3d_mlp.png> <../figs//losses_gaussian_3d_mlp.png>]
<../figs//accuracies_iris_mlp.png, id=38, 462.528pt x 346.896pt>
File: ../figs//accuracies_iris_mlp.png Graphic file (type png)
<use ../figs//accuracies_iris_mlp.png>
Package pdftex.def Info: ../figs//accuracies_iris_mlp.png  used on input line 75.
(pdftex.def)             Requested size: 227.62204pt x 170.71628pt.
<../figs//losses_iris_mlp.png, id=39, 462.528pt x 346.896pt>
File: ../figs//losses_iris_mlp.png Graphic file (type png)
<use ../figs//losses_iris_mlp.png>
Package pdftex.def Info: ../figs//losses_iris_mlp.png  used on input line 76.
(pdftex.def)             Requested size: 227.62204pt x 170.71628pt.
<../figs//accuracies_circles_2d_mlp.png, id=40, 462.528pt x 346.896pt>
File: ../figs//accuracies_circles_2d_mlp.png Graphic file (type png)
<use ../figs//accuracies_circles_2d_mlp.png>
Package pdftex.def Info: ../figs//accuracies_circles_2d_mlp.png  used on input line 78.
(pdftex.def)             Requested size: 227.62204pt x 170.71628pt.
<../figs//losses_circles_2d_mlp.png, id=41, 462.528pt x 346.896pt>
File: ../figs//losses_circles_2d_mlp.png Graphic file (type png)
<use ../figs//losses_circles_2d_mlp.png>
Package pdftex.def Info: ../figs//losses_circles_2d_mlp.png  used on input line 79.
(pdftex.def)             Requested size: 227.62204pt x 170.71628pt.


Package fancyhdr Warning: \headheight is too small (0.0pt): 
(fancyhdr)                Make it at least 12.0pt, for example:
(fancyhdr)                \setlength{\headheight}{12.0pt}.
(fancyhdr)                You might also make \topmargin smaller to compensate:
(fancyhdr)                \addtolength{\topmargin}{-12.0pt}.

[7 <../figs//accuracies_iris_mlp.png> <../figs//losses_iris_mlp.png> <../figs//accuracies_circles_2d_mlp.png> <../figs//losses_circles_2d_mlp.png>]
<../figs//learning_rate.png, id=50, 2168.1pt x 722.7pt>
File: ../figs//learning_rate.png Graphic file (type png)
<use ../figs//learning_rate.png>
Package pdftex.def Info: ../figs//learning_rate.png  used on input line 93.
(pdftex.def)             Requested size: 512.1496pt x 170.71672pt.

Overfull \hbox (42.3946pt too wide) in paragraph at lines 92--94
[] 
 []

<../figs//epochs.png, id=52, 1110.0672pt x 544.9158pt>
File: ../figs//epochs.png Graphic file (type png)
<use ../figs//epochs.png>
Package pdftex.def Info: ../figs//epochs.png  used on input line 101.
(pdftex.def)             Requested size: 455.24408pt x 223.46681pt.

Package fancyhdr Warning: \headheight is too small (0.0pt): 
(fancyhdr)                Make it at least 12.0pt, for example:
(fancyhdr)                \setlength{\headheight}{12.0pt}.
(fancyhdr)                You might also make \topmargin smaller to compensate:
(fancyhdr)                \addtolength{\topmargin}{-12.0pt}.

[8 <../figs//learning_rate.png>]
<../figs//epoch_gradients.png, id=61, 1110.0672pt x 544.9158pt>
File: ../figs//epoch_gradients.png Graphic file (type png)
<use ../figs//epoch_gradients.png>
Package pdftex.def Info: ../figs//epoch_gradients.png  used on input line 110.
(pdftex.def)             Requested size: 455.24408pt x 223.46681pt.


Package fancyhdr Warning: \headheight is too small (0.0pt): 
(fancyhdr)                Make it at least 12.0pt, for example:
(fancyhdr)                \setlength{\headheight}{12.0pt}.
(fancyhdr)                You might also make \topmargin smaller to compensate:
(fancyhdr)                \addtolength{\topmargin}{-12.0pt}.

[9 <../figs//epochs.png> <../figs//epoch_gradients.png>]
<../figs//batch_size.png, id=71, 2168.1pt x 722.7pt>
File: ../figs//batch_size.png Graphic file (type png)
<use ../figs//batch_size.png>
Package pdftex.def Info: ../figs//batch_size.png  used on input line 118.
(pdftex.def)             Requested size: 455.24408pt x 151.73839pt.
<../figs//training_size_differences.png, id=73, 2168.1pt x 722.7pt>
File: ../figs//training_size_differences.png Graphic file (type png)
<use ../figs//training_size_differences.png>
Package pdftex.def Info: ../figs//training_size_differences.png  used on input line 127.
(pdftex.def)             Requested size: 455.24408pt x 151.73839pt.


Package fancyhdr Warning: \headheight is too small (0.0pt): 
(fancyhdr)                Make it at least 12.0pt, for example:
(fancyhdr)                \setlength{\headheight}{12.0pt}.
(fancyhdr)                You might also make \topmargin smaller to compensate:
(fancyhdr)                \addtolength{\topmargin}{-12.0pt}.

[10 <../figs//batch_size.png>]
<../figs//layer_sizes.png, id=80, 2168.1pt x 722.7pt>
File: ../figs//layer_sizes.png Graphic file (type png)
<use ../figs//layer_sizes.png>
Package pdftex.def Info: ../figs//layer_sizes.png  used on input line 136.
(pdftex.def)             Requested size: 455.24408pt x 151.73839pt.


Package fancyhdr Warning: \headheight is too small (0.0pt): 
(fancyhdr)                Make it at least 12.0pt, for example:
(fancyhdr)                \setlength{\headheight}{12.0pt}.
(fancyhdr)                You might also make \topmargin smaller to compensate:
(fancyhdr)                \addtolength{\topmargin}{-12.0pt}.

[11 <../figs//training_size_differences.png> <../figs//layer_sizes.png>]
<../figs//activation_func.png, id=87, 2168.1pt x 722.7pt>
File: ../figs//activation_func.png Graphic file (type png)
<use ../figs//activation_func.png>
Package pdftex.def Info: ../figs//activation_func.png  used on input line 141.
(pdftex.def)             Requested size: 455.24408pt x 151.73839pt.
<../figs//loss_func.png, id=89, 2168.1pt x 722.7pt>
File: ../figs//loss_func.png Graphic file (type png)
<use ../figs//loss_func.png>
Package pdftex.def Info: ../figs//loss_func.png  used on input line 146.
(pdftex.def)             Requested size: 455.24408pt x 151.73839pt.


Package fancyhdr Warning: \headheight is too small (0.0pt): 
(fancyhdr)                Make it at least 12.0pt, for example:
(fancyhdr)                \setlength{\headheight}{12.0pt}.
(fancyhdr)                You might also make \topmargin smaller to compensate:
(fancyhdr)                \addtolength{\topmargin}{-12.0pt}.

[12 <../figs//activation_func.png> <../figs//loss_func.png>] (PS1.aux) ) 
Here is how much of TeX's memory you used:
 3591 strings out of 478338
 56932 string characters out of 2839515
 362908 words of memory out of 3000000
 21993 multiletter control sequences out of 15000+600000
 472476 words of font info for 41 fonts, out of 8000000 for 9000
 1141 hyphenation exceptions out of 8191
 55i,11n,62p,1071b,227s stack positions out of 10000i,1000n,20000p,200000b,80000s
<C:/Users/rafwi/Desktop/Programs/MikTeX/fonts/type1/public/amsfonts/cm/cmbx10.pfb><C:/Users/rafwi/Desktop/Programs/MikTeX/fonts/type1/public/amsfonts/cm/cmbx12.pfb><C:/Users/rafwi/Desktop/Programs/MikTeX/fonts/type1/public/amsfonts/cm/cmmi10.pfb><C:/Users/rafwi/Desktop/Programs/MikTeX/fonts/type1/public/amsfonts/cm/cmr10.pfb><C:/Users/rafwi/Desktop/Programs/MikTeX/fonts/type1/public/amsfonts/cm/cmr12.pfb><C:/Users/rafwi/Desktop/Programs/MikTeX/fonts/type1/public/amsfonts/cm/cmr7.pfb><C:/Users/rafwi/Desktop/Programs/MikTeX/fonts/type1/public/amsfonts/cm/cmsy10.pfb><C:/Users/rafwi/Desktop/Programs/MikTeX/fonts/type1/public/amsfonts/cm/cmsy7.pfb>
Output written on PS1.pdf (12 pages, 2791559 bytes).
PDF statistics:
 132 PDF objects out of 1000 (max. 8388607)
 0 named destinations out of 1000 (max. 500000)
 129 words of extra memory for PDF output out of 10000 (max. 10000000)

